




File verbosity level: 9
date       time         ( uptime  ) [ thread name/id ]                   file:line     v| 
2021-03-03 14:48:36.118 (   0.242s) [        2CEB588 ]             loguru.cpp:755    INF| Logging to 'totvslsfull.log', mode: 'a', verbosity: 9
(   0.242s) [main thread     ]             loguru.cpp:591   | arguments: /home/cesar/.vscode/extensions/totvs.tds-vscode-1.2.1/node_modules/@totvs/tds-ls/bin/linux/advpls --language-server --log-file=totvsls.log --record=totvsls --log-file-append=totvslsfull.log
(   0.242s) [main thread     ]             loguru.cpp:594   | Current dir: /home/cesar/Cursos/Elixir nlw4/rocketpay
(   0.242s) [main thread     ]             loguru.cpp:596   | stderr verbosity: -3
(   0.242s) [main thread     ]             loguru.cpp:597   | -----------------------------------
(   0.459s) [main thread     ]    security_manager.cc:855   | lsRsaInit
(   0.840s) [main thread     ]    security_manager.cc:1061  | userRsaInit
(   0.857s) [main thread     ]    security_manager.cc:1080  | Loading user prv key.
(   0.902s) [main thread     ]    security_manager.cc:1111  | Loading user pub key.
(   0.902s) [main thread     ]    security_manager.cc:1210  | Loading user symm key.
(   0.925s) [querydb         ] msg_lsp_initialize_req:489   | Start Running initialize
(   0.926s) [querydb         ] msg_lsp_initialize_req:495   | Init parameters: {"compilationDatabaseCommand":"","compilationDatabaseDirectory":"","cacheDirectory":"","cacheFormat":"json","resourceDirectory":"","discoverSystemIncludes":true,"extraClangArguments":[],"progressReportFrequencyMs":500,"emitQueryDbBlocked":false,"emitInactiveRegions":false,"showDocumentLinksOnIncludes":true,"codeLens":{"localVariables":true},"completion":{"enableSnippets":true,"detailedLabel":false,"dropOldRequests":true,"filterAndSort":true,"includeMaxPathSize":30,"includeSuffixWhitelist":[".h",".hpp",".hh",".ch"],"includeBlacklist":[],"includeWhitelist":[]},"formatting":{"enabled":false},"diagnostics":{"blacklist":[],"whitelist":[],"frequencyMs":0,"onParse":true,"onType":true},"highlight":{"enabled":false,"blacklist":[],"whitelist":[]},"index":{"attributeMakeCallsToCtor":true,"blacklist":[],"whitelist":[],"comments":2,"enabled":true,"logSkippedPaths":false,"threads":0},"workspaceSymbol":{"maxNum":1000,"sort":true},"xref":{"maxNum":2000},"enableIndexOnDidChange":false}
(   0.926s) [querydb         ] msg_lsp_initialize_req:510   | [querydb] Initialize in directory /home/cesar/Cursos/Elixir nlw4/rocketpay with uri file:///home/cesar/Cursos/Elixir%20nlw4/rocketpay
(   0.926s) [querydb         ] msg_lsp_initialize_req:567   | Using -resource-dir=/home/cesar/Cursos/Elixir nlw4/rocketpay/DEFAULT_RESOURCE_DIRECTORY
(   0.926s) [querydb         ] msg_lsp_initialize_req:570   | Send initialization before starting indexers, so we don't send a status update too early.
(   0.926s) [querydb         ] msg_lsp_initialize_req:590   | Set project root.
(   0.926s) [querydb         ]               timer.cc:41    | compile_commands.json advpllang time took 0.0 ms
(   0.926s) [querydb         ]               timer.cc:41    | compile_commands.json our time took 0.0 ms
(   0.926s) [querydb         ]               timer.cc:41    | [perf] Loaded compilation entries (0 files) took 0.82 ms
(   0.926s) [querydb         ] msg_lsp_initialize_req:621   | Starting 3 indexers
(   0.926s) [stdout          ]               timer.cc:41    | [e2e] Running  took 0.1 ms
(   0.926s) [stdout          ]               timer.cc:41    | [e2e] Running initialize took 0.484 ms
(   0.926s) [querydb         ]               timer.cc:41    | [perf] Dispatched initial index requests took 0.0 ms
(   0.926s) [querydb         ] msg_lsp_initialize_req:650   | End Running initialize
(   0.945s) [scan_includes   ]               timer.cc:41    | [perf] Scanning for includes took 18.18677 ms
(   1.883s) [querydb         ] msg_lsp_initialized_no:22    | Got Initialized Notification
(   1.883s) [stdout          ]               timer.cc:41    | [e2e] Running  took 957.956333 ms
(   1.907s) [querydb         ] msg_totvsserver_change:45    | Start Running $totvsserver/changeSetting
(   1.907s) [querydb         ] msg_totvsserver_change:50    | ChangeSetting : with scope advpls, key autocomplete, value LS
(   1.907s) [querydb         ]               timer.cc:41    | [perf] ConnectionManager ChangeSetting server  took 0.8 ms
(   1.907s) [querydb         ] msg_totvsserver_change:94    | End Running $totvsserver/changeSetting
(   1.907s) [querydb         ] msg_totvsserver_change:45    | Start Running $totvsserver/changeSetting
(   1.907s) [querydb         ] msg_totvsserver_change:50    | ChangeSetting : with scope advpls, key notificationlevel, value none
(   1.907s) [stdout          ]               timer.cc:41    | [e2e] Running $totvsserver/changeSetting took 0.224 ms
(   1.907s) [querydb         ]               timer.cc:41    | [perf] ConnectionManager ChangeSetting server  took 0.1 ms
(   1.910s) [querydb         ] msg_totvsserver_change:94    | End Running $totvsserver/changeSetting
(   1.910s) [stdout          ]               timer.cc:41    | [e2e] Running $totvsserver/changeSetting took 3.3179 ms
(   1.956s) [querydb         ] msg_totvsserver_reconn:48    | Start Running $totvsserver/reconnect
(   1.956s) [querydb         ] msg_totvsserver_reconn:52    | Reconnecting server with connectionToken: djM6azJzazBkNm9sbGtsdGs4Z3EzNm0xbzZranNxamU6MTp6ZDZqeHotdHN0LXByb3RoZXVzLnRvdHZzY2xvdWQuY29tLmJyOjIwNjA6MTo3LjAwLjE3MDExN0E6Mw==:djE6WkQ2SlhaX1RFU1RFOmFkbWluOllwRkc4MjJXeUQ4dVFRQkZMSU9OM0RjaFRJUE1WY2s1ZzBMOVRrVmRabzQ9|djI6MTYxNDc4NDM2NTowOjE6MQ==.zfemMl29bFdm6S/evzMRm0B4DWFogLGP2opI9rz9abrWtNVNd/DgrCFPNdm4bUofPU/B5dkiuMvK4Uude2b7+uIj6Y/UVxmiuj+XWu1I8jI9gDfIgFwuC/+cyxMWgCediA+jXDTCsRZ7A/QDtkbOxINOWnhNmjEArgAFglYOiS4NCECB2Bbe6znfY0vdhNezUeec8xGnnimxUe+PHPj77yQuU9qtD5Cns4/SPzbt0B4MV9qYeKNLVDLvWpJDiZS+OAoZobbYXdZhd/qOWfY7qoeZSSIsZqttk4PLLg5z7VoGllb4QhiH+l/TEKRYN1tOb1JnkpYF3m/daQ/CzWjMMA==
(   1.978s) [querydb         ]  connection_manager.cc:382   | Starting reconnection to the server 'Teste'
(   1.978s) [stdout          ]               timer.cc:41    | [e2e] Running  took 1051.1050944 ms
(   2.003s) [querydb         ]    security_manager.cc:335   | authentic TRUE
(   2.003s) [querydb         ]    security_manager.cc:518   | done YpFG822WyD8uQQBFLION3DchTIPMVck5g0L9TkVdZo4=
(   2.003s) [querydb         ]    security_manager.cc:528   | done password symmDecrypt (10)
(   2.003s) [querydb         ]  connection_manager.cc:3492  | ConnectionManager::newConnection: zd6jxz-tst-protheus.totvscloud.com.br:2060 (20170117104539) [1] {3}
(   2.004s) [querydb         ]  connection_manager.cc:3496  | connected status: 0
(   2.104s) [querydb         ]  connection_manager.cc:3496  | connected status: 1
(   2.204s) [querydb         ]  connection_manager.cc:3496  | connected status: 1
(   2.304s) [querydb         ]  connection_manager.cc:3496  | connected status: 1
(   2.404s) [querydb         ]  connection_manager.cc:3496  | connected status: 1
(   2.504s) [querydb         ]  connection_manager.cc:3496  | connected status: 1
(   2.604s) [querydb         ]  connection_manager.cc:3496  | connected status: 1
(   2.704s) [querydb         ]  connection_manager.cc:3499  | connected status: 2
(   2.739s) [querydb         ]  connection_manager.cc:3507  | MS_DBGGETBUILD OK
(   2.739s) [querydb         ]  connection_manager.cc:3517  | build: 7.00.170117A
(   2.739s) [querydb         ]  connection_manager.cc:3554  | creating secureContext
(   2.739s) [querydb         ]  connection_manager.cc:3556  | secureContext initialize
Stack trace:
17            0x42d3f3 /home/cesar/.vscode/extensions/totvs.tds-vscode-1.2.1/node_modules/@totvs/tds-ls/bin/linux/advpls() [0x42d3f3]
16      0x7fa52bb9f3db __libc_start_main + 235
15            0x429f55 /home/cesar/.vscode/extensions/totvs.tds-vscode-1.2.1/node_modules/@totvs/tds-ls/bin/linux/advpls() [0x429f55]
14            0x61f14c /home/cesar/.vscode/extensions/totvs.tds-vscode-1.2.1/node_modules/@totvs/tds-ls/bin/linux/advpls() [0x61f14c]
13            0x61dca0 /home/cesar/.vscode/extensions/totvs.tds-vscode-1.2.1/node_modules/@totvs/tds-ls/bin/linux/advpls() [0x61dca0]
12            0x61c022 /home/cesar/.vscode/extensions/totvs.tds-vscode-1.2.1/node_modules/@totvs/tds-ls/bin/linux/advpls() [0x61c022]
11            0x567557 /home/cesar/.vscode/extensions/totvs.tds-vscode-1.2.1/node_modules/@totvs/tds-ls/bin/linux/advpls() [0x567557]
10            0x49d9e3 /home/cesar/.vscode/extensions/totvs.tds-vscode-1.2.1/node_modules/@totvs/tds-ls/bin/linux/advpls() [0x49d9e3]
9             0x492fa3 /home/cesar/.vscode/extensions/totvs.tds-vscode-1.2.1/node_modules/@totvs/tds-ls/bin/linux/advpls() [0x492fa3]
8             0x8141f8 /home/cesar/.vscode/extensions/totvs.tds-vscode-1.2.1/node_modules/@totvs/tds-ls/bin/linux/advpls() [0x8141f8]
7             0x8159c9 /home/cesar/.vscode/extensions/totvs.tds-vscode-1.2.1/node_modules/@totvs/tds-ls/bin/linux/advpls() [0x8159c9]
6       0x7fa52c8990a4 /lib/x86_64-linux-gnu/libpthread.so.0(+0xa0a4) [0x7fa52c8990a4]
5       0x7fa52c8a280f /lib/x86_64-linux-gnu/libpthread.so.0(+0x1380f) [0x7fa52c8a280f]
4       0x7fa52bbad482 /lib/x86_64-linux-gnu/libc.so.6(+0x31482) [0x7fa52bbad482]
3       0x7fa52bb9d74f /lib/x86_64-linux-gnu/libc.so.6(+0x2174f) [0x7fa52bb9d74f]
2       0x7fa52bb9d875 abort + 289
1       0x7fa52bbbc3b7 gsignal + 199
0       0x7fa52c8a1ad0 /lib/x86_64-linux-gnu/libpthread.so.0(+0x12ad0) [0x7fa52c8a1ad0]
(   2.739s) [querydb         ]                       :0     | Signal: SIGABRT





File verbosity level: 9
date       time         ( uptime  ) [ thread name/id ]                   file:line     v| 
2021-03-03 14:48:38.811 (   0.008s) [        BED9688 ]             loguru.cpp:755    INF| Logging to 'totvslsfull.log', mode: 'a', verbosity: 9
(   0.011s) [main thread     ]             loguru.cpp:591   | arguments: /home/cesar/.vscode/extensions/totvs.tds-vscode-1.2.1/node_modules/@totvs/tds-ls/bin/linux/advpls --language-server --log-file=totvsls.log --record=totvsls --log-file-append=totvslsfull.log
(   0.012s) [main thread     ]             loguru.cpp:594   | Current dir: /home/cesar/Cursos/Elixir nlw4/rocketpay
(   0.012s) [main thread     ]             loguru.cpp:596   | stderr verbosity: -3
(   0.012s) [main thread     ]             loguru.cpp:597   | -----------------------------------
(   0.012s) [main thread     ]    security_manager.cc:855   | lsRsaInit
(   0.022s) [main thread     ]    security_manager.cc:1061  | userRsaInit
(   0.022s) [main thread     ]    security_manager.cc:1080  | Loading user prv key.
(   0.022s) [main thread     ]    security_manager.cc:1111  | Loading user pub key.
(   0.022s) [main thread     ]    security_manager.cc:1210  | Loading user symm key.
(   0.029s) [querydb         ] msg_lsp_initialize_req:489   | Start Running initialize
(   0.029s) [querydb         ] msg_lsp_initialize_req:495   | Init parameters: {"compilationDatabaseCommand":"","compilationDatabaseDirectory":"","cacheDirectory":"","cacheFormat":"json","resourceDirectory":"","discoverSystemIncludes":true,"extraClangArguments":[],"progressReportFrequencyMs":500,"emitQueryDbBlocked":false,"emitInactiveRegions":false,"showDocumentLinksOnIncludes":true,"codeLens":{"localVariables":true},"completion":{"enableSnippets":true,"detailedLabel":false,"dropOldRequests":true,"filterAndSort":true,"includeMaxPathSize":30,"includeSuffixWhitelist":[".h",".hpp",".hh",".ch"],"includeBlacklist":[],"includeWhitelist":[]},"formatting":{"enabled":false},"diagnostics":{"blacklist":[],"whitelist":[],"frequencyMs":0,"onParse":true,"onType":true},"highlight":{"enabled":false,"blacklist":[],"whitelist":[]},"index":{"attributeMakeCallsToCtor":true,"blacklist":[],"whitelist":[],"comments":2,"enabled":true,"logSkippedPaths":false,"threads":0},"workspaceSymbol":{"maxNum":1000,"sort":true},"xref":{"maxNum":2000},"enableIndexOnDidChange":false}
(   0.029s) [querydb         ] msg_lsp_initialize_req:510   | [querydb] Initialize in directory /home/cesar/Cursos/Elixir nlw4/rocketpay with uri file:///home/cesar/Cursos/Elixir%20nlw4/rocketpay
(   0.029s) [querydb         ] msg_lsp_initialize_req:567   | Using -resource-dir=/home/cesar/Cursos/Elixir nlw4/rocketpay/DEFAULT_RESOURCE_DIRECTORY
(   0.029s) [querydb         ] msg_lsp_initialize_req:570   | Send initialization before starting indexers, so we don't send a status update too early.
(   0.029s) [querydb         ] msg_lsp_initialize_req:590   | Set project root.
(   0.029s) [querydb         ]               timer.cc:41    | compile_commands.json advpllang time took 0.0 ms
(   0.029s) [querydb         ]               timer.cc:41    | compile_commands.json our time took 0.0 ms
(   0.029s) [querydb         ]               timer.cc:41    | [perf] Loaded compilation entries (0 files) took 0.35 ms
(   0.030s) [querydb         ] msg_lsp_initialize_req:621   | Starting 3 indexers
(   0.030s) [querydb         ]               timer.cc:41    | [perf] Dispatched initial index requests took 0.0 ms
(   0.030s) [querydb         ] msg_lsp_initialize_req:650   | End Running initialize
(   0.044s) [stdout          ]               timer.cc:41    | [e2e] Running  took 0.1 ms
(   0.044s) [stdout          ]               timer.cc:41    | [e2e] Running initialize took 14.14875 ms
(   0.045s) [querydb         ] msg_lsp_initialized_no:22    | Got Initialized Notification
(   0.045s) [scan_includes   ]               timer.cc:41    | [perf] Scanning for includes took 15.15408 ms
(   0.053s) [stdout          ]               timer.cc:41    | [e2e] Running  took 9.9413 ms
(   5.831s) [querydb         ] msg_totvsserver_change:45    | Start Running $totvsserver/changeSetting
(   5.831s) [querydb         ] msg_totvsserver_change:50    | ChangeSetting : with scope advpls, key autocomplete, value LS
(   5.831s) [querydb         ]               timer.cc:41    | [perf] ConnectionManager ChangeSetting server  took 0.9 ms
(   5.831s) [querydb         ] msg_totvsserver_change:94    | End Running $totvsserver/changeSetting
(   5.831s) [querydb         ] msg_totvsserver_change:45    | Start Running $totvsserver/changeSetting
(   5.831s) [querydb         ] msg_totvsserver_change:50    | ChangeSetting : with scope advpls, key notificationlevel, value none
(   5.831s) [querydb         ]               timer.cc:41    | [perf] ConnectionManager ChangeSetting server  took 0.1 ms
(   5.831s) [querydb         ] msg_totvsserver_change:94    | End Running $totvsserver/changeSetting
(   5.831s) [stdout          ]               timer.cc:41    | [e2e] Running $totvsserver/changeSetting took 0.208 ms
(   5.831s) [stdout          ]               timer.cc:41    | [e2e] Running $totvsserver/changeSetting took 0.231 ms
(2954.404s) [querydb         ] msg_lsp_shutdown_reque:26    | Start Running shutdown
(2954.404s) [querydb         ] msg_lsp_shutdown_reque:30    | End Running shutdown
(2954.404s) [stdout          ]               timer.cc:41    | [e2e] Running shutdown took 0.107 ms
(2954.411s) [querydb         ] msg_lsp_exit_notificat:18    | Exiting; got exit message
(2954.411s) [querydb         ]             loguru.cpp:471   | atexit
